1,0.166317,0.165300
2,0.100000,0.100000
3,0.805533,0.785200
4,0.811283,0.794800
5,0.336867,0.335200
6,0.807500,0.792500
7,0.847833,0.825300
8,0.859950,0.836900
9,0.861833,0.839800
10,0.847850,0.825300
11,0.870650,0.845800
12,0.874167,0.850900
13,0.869833,0.845500
14,0.868533,0.842800
15,0.876817,0.855600
16,0.876650,0.852700
17,0.875183,0.855200
18,0.874483,0.846500
19,0.877033,0.849000
20,0.870050,0.841800
21,0.869667,0.844600
22,0.883367,0.853400
23,0.887633,0.858900
24,0.860500,0.834900
25,0.876283,0.853200
26,0.888217,0.858200
27,0.876633,0.851600
28,0.893517,0.868600
29,0.890483,0.864300
30,0.893517,0.867300
31,0.888433,0.861000
32,0.873917,0.848900
33,0.888983,0.862900
34,0.897200,0.868000
35,0.895567,0.868100
36,0.891233,0.864800
37,0.886050,0.864600
38,0.893000,0.862300
39,0.893533,0.866600
40,0.892850,0.862200
41,0.899200,0.868500
42,0.897283,0.867000
43,0.897450,0.868000
44,0.900617,0.869000
45,0.900267,0.865900
46,0.902650,0.872500
47,0.899183,0.871200
48,0.903817,0.873300
49,0.898200,0.870500
50,0.903200,0.866500
51,0.900100,0.864300
52,0.896017,0.864800
53,0.901083,0.869600
54,0.904000,0.873700
55,0.899300,0.870100
56,0.901317,0.870800
57,0.894050,0.863000
58,0.904350,0.874100
59,0.901150,0.872700
60,0.895767,0.871000
61,0.909933,0.877400
62,0.902100,0.870300
63,0.904967,0.873200
64,0.901333,0.871100
65,0.906183,0.875200
66,0.904133,0.873900
67,0.900633,0.874500
68,0.905650,0.869000
69,0.897583,0.866700
70,0.897217,0.865000
71,0.906850,0.872700
72,0.903900,0.871100
73,0.902833,0.875600
74,0.908383,0.876200
75,0.907850,0.877400
76,0.906017,0.874400
77,0.896417,0.862500
78,0.904850,0.874900
79,0.909933,0.879000
80,0.908000,0.877000
81,0.900533,0.872100
82,0.896717,0.866800
83,0.907600,0.877700
84,0.910733,0.877700
85,0.900400,0.865500
86,0.906833,0.874500
87,0.903833,0.872400
88,0.904433,0.871900
89,0.910467,0.872800
90,0.906017,0.876200
91,0.909833,0.877500
92,0.904583,0.870800
93,0.901217,0.870000
94,0.903867,0.874100
95,0.906683,0.875900
96,0.905400,0.873900
97,0.908733,0.875100
98,0.904633,0.873000
99,0.911950,0.879900
100,0.911950,0.878100
101,0.904050,0.873600
102,0.903533,0.872800
103,0.907250,0.874900
104,0.905383,0.872500
105,0.914267,0.879900
106,0.908333,0.879200
107,0.910483,0.877600
108,0.905400,0.874600
109,0.909650,0.878800
110,0.912250,0.877300
111,0.909717,0.877900
112,0.906683,0.874400
113,0.909617,0.876200
114,0.908850,0.879900
115,0.904200,0.871400
116,0.908217,0.876300
117,0.911750,0.878000
118,0.903917,0.869800
119,0.909200,0.875800
120,0.914083,0.880700
121,0.909583,0.877700
122,0.909367,0.877600
123,0.908567,0.872400
124,0.907183,0.873600
125,0.908050,0.876100
126,0.913267,0.881200
127,0.912083,0.878800
128,0.911367,0.875700
129,0.907967,0.873200
130,0.904250,0.872900
131,0.907350,0.876600
132,0.908550,0.872400
133,0.906233,0.876300
134,0.910100,0.872100
135,0.911350,0.880100
136,0.908717,0.875400
137,0.903500,0.868600
138,0.915400,0.885200
139,0.905317,0.874500
140,0.914967,0.880200
141,0.903600,0.871800
142,0.914250,0.882200
143,0.914367,0.882900
144,0.908300,0.875700
145,0.906350,0.868900
146,0.909683,0.877700
147,0.908850,0.878000
148,0.915850,0.880700
149,0.913217,0.883500
150,0.914567,0.885000
151,0.911050,0.878300
152,0.911417,0.874700
153,0.905700,0.874700
154,0.907067,0.875100
155,0.916250,0.882100
156,0.914417,0.883600
157,0.914600,0.880500
158,0.906933,0.877200
159,0.913483,0.880600
160,0.911467,0.877700
161,0.908033,0.877200
162,0.913400,0.878400
163,0.910167,0.878000
164,0.907500,0.874200
165,0.912517,0.877800
166,0.912567,0.878700
167,0.907400,0.874700
168,0.912867,0.878700
169,0.916033,0.879600
170,0.912450,0.876900
171,0.913350,0.875500
172,0.911533,0.879000
173,0.912733,0.877700
174,0.915883,0.885600
175,0.910317,0.876100
176,0.913383,0.880100
177,0.908033,0.878100
178,0.914067,0.882600
179,0.903317,0.871100
180,0.909533,0.873100
181,0.910967,0.878400
182,0.915100,0.881300
183,0.912150,0.882300
184,0.913383,0.881100
185,0.913950,0.880300
186,0.912383,0.875900
187,0.912450,0.878800
188,0.911917,0.879500
189,0.910350,0.877100
190,0.913967,0.882100
191,0.909483,0.874900
192,0.916633,0.882100
193,0.915933,0.885700
194,0.909383,0.874200
195,0.913883,0.882200
196,0.913800,0.880100
197,0.912883,0.883200
198,0.908733,0.878200
199,0.905650,0.872100
200,0.911750,0.880700
201,0.912250,0.880700
202,0.913917,0.881300
203,0.913900,0.876600
204,0.909300,0.873500
205,0.917417,0.881500
206,0.913100,0.881700
207,0.915550,0.877800
208,0.909650,0.873900
209,0.910783,0.877000
210,0.911817,0.880600
211,0.913417,0.882400
212,0.916017,0.880800
213,0.913700,0.878200
214,0.912900,0.879400
215,0.914283,0.882300
216,0.912550,0.875900
217,0.909700,0.880800
218,0.915033,0.878100
219,0.907817,0.872900
220,0.913683,0.883900
221,0.917883,0.886300
222,0.911717,0.877600
223,0.909317,0.879800
224,0.914483,0.882100
225,0.916567,0.883000
226,0.908083,0.877100
227,0.912833,0.881000
228,0.911633,0.879300
229,0.912900,0.875000
230,0.914500,0.878400
231,0.913567,0.879800
232,0.914217,0.882300
233,0.907750,0.876500
234,0.911467,0.880900
235,0.908183,0.878900
236,0.911700,0.875000
237,0.913117,0.879000
238,0.913233,0.876000
239,0.912833,0.878400
240,0.914750,0.882900
241,0.911967,0.881300
242,0.911933,0.880300
243,0.909767,0.876500
244,0.913983,0.882700
245,0.909467,0.875200
246,0.913067,0.880800
247,0.910950,0.880900
248,0.916233,0.886100
249,0.917767,0.886400
250,0.912017,0.876300
251,0.909400,0.877500
252,0.911167,0.879200
253,0.917683,0.880700
254,0.906583,0.874700
255,0.917700,0.882400
256,0.911900,0.877300
257,0.904750,0.872600
258,0.913733,0.880600
259,0.910367,0.876500
260,0.906550,0.874300
261,0.912117,0.877800
262,0.914700,0.878200
263,0.910183,0.876800
264,0.907517,0.873900
265,0.918617,0.882800
266,0.916617,0.880800
267,0.919700,0.884500
268,0.909083,0.874300
269,0.917850,0.885400
270,0.916083,0.881200
271,0.911383,0.876600
272,0.919083,0.883600
273,0.916450,0.881900
274,0.914217,0.882500
275,0.916183,0.878000
276,0.912683,0.880800
277,0.917183,0.884800
278,0.913100,0.883000
279,0.913067,0.882600
280,0.908100,0.872300
281,0.913650,0.882500
282,0.904233,0.872100
283,0.919050,0.885700
284,0.916800,0.883200
285,0.916800,0.883600
286,0.915333,0.882300
287,0.907600,0.876900
288,0.916783,0.885300
289,0.914250,0.884500
290,0.916117,0.883400
291,0.911383,0.879600
292,0.917150,0.882700
293,0.917200,0.880800
294,0.911367,0.875700
295,0.911417,0.874400
296,0.911367,0.877700
297,0.909617,0.874700
298,0.917550,0.880600
299,0.906617,0.873200
300,0.912100,0.881500
301,0.912700,0.880900
302,0.914067,0.878700
303,0.914450,0.878600
304,0.913083,0.877500
305,0.919900,0.887000
306,0.915700,0.881400
307,0.913600,0.878700
308,0.911633,0.879000
309,0.903800,0.867500
310,0.906200,0.870100
311,0.916600,0.883100
312,0.913600,0.877800
313,0.918400,0.881500
314,0.904017,0.868000
315,0.914500,0.879500
316,0.913867,0.881300
317,0.917883,0.887900
318,0.913667,0.878400
319,0.907700,0.872500
320,0.911683,0.877400
321,0.911600,0.880400
322,0.913583,0.878600
323,0.913667,0.878900
324,0.910317,0.876400
325,0.916483,0.881000
326,0.917350,0.884000
327,0.909567,0.877100
328,0.915200,0.878000
329,0.917983,0.878200
330,0.914617,0.881700
331,0.914900,0.883400
332,0.912683,0.877500
333,0.919800,0.884900
334,0.919517,0.882100
335,0.903950,0.872300
336,0.915783,0.882100
337,0.918517,0.883800
338,0.912633,0.876800
339,0.912633,0.874400
340,0.917250,0.884900
341,0.897300,0.866000
342,0.915383,0.880200
343,0.911433,0.879400
344,0.914350,0.877100
345,0.914700,0.881500
346,0.913967,0.882500
347,0.915433,0.883500
348,0.910367,0.873300
349,0.916533,0.885300
350,0.914883,0.881200
351,0.919750,0.884600
352,0.898100,0.861900
353,0.916900,0.881100
354,0.915450,0.882500
355,0.913733,0.879800
356,0.906100,0.871400
357,0.919700,0.883000
358,0.909167,0.870500
359,0.918183,0.884200
360,0.917250,0.886800
361,0.913883,0.880900
362,0.916600,0.884000
363,0.918100,0.879600
364,0.913567,0.880600
365,0.906117,0.875400
366,0.911717,0.880300
367,0.916567,0.880700
368,0.917100,0.883600
369,0.903483,0.868600
370,0.912350,0.877000
371,0.913483,0.878600
372,0.901867,0.873600
373,0.912533,0.879700
374,0.916917,0.883300
375,0.913400,0.880100
376,0.912517,0.877300
377,0.919267,0.883900
378,0.916933,0.881600
379,0.918050,0.887000
380,0.917500,0.882100
381,0.913850,0.880400
382,0.916317,0.883300
383,0.917400,0.881800
384,0.916700,0.880600
385,0.918617,0.885600
386,0.913483,0.882500
387,0.909983,0.876400
388,0.910150,0.875300
389,0.917900,0.883400
390,0.913433,0.881900
391,0.911217,0.878300
392,0.912950,0.875400
393,0.915367,0.884500
394,0.907517,0.874400
395,0.911217,0.874600
396,0.914183,0.879400
397,0.918917,0.887100
398,0.909617,0.876900
399,0.918433,0.883500
400,0.915300,0.881300
401,0.915867,0.880200
402,0.911617,0.870700
403,0.908500,0.875800
404,0.914283,0.882500
405,0.913600,0.880600
406,0.912033,0.880500
407,0.915267,0.883500
408,0.915767,0.881600
409,0.917850,0.884100
410,0.913050,0.880900
411,0.918350,0.886100
412,0.909450,0.873100
413,0.914883,0.880700
414,0.916233,0.881800
415,0.916450,0.882000
416,0.915667,0.883000
417,0.917600,0.884000
418,0.916417,0.881600
419,0.918867,0.886000
420,0.913550,0.879100
421,0.915850,0.878100
422,0.919333,0.884400
423,0.917967,0.889100
424,0.913117,0.875600
425,0.915167,0.879900
426,0.918067,0.883400
427,0.907633,0.872500
428,0.921050,0.884500
429,0.915200,0.882300
430,0.899517,0.867600
431,0.915683,0.884700
432,0.915717,0.883200
433,0.921667,0.887300
434,0.916933,0.882400
435,0.913417,0.880900
436,0.918350,0.881200
437,0.919400,0.884800
438,0.911850,0.878900
439,0.919750,0.884200
440,0.914500,0.878500
441,0.919883,0.881300
442,0.912417,0.878300
443,0.921267,0.887600
444,0.917567,0.880800
445,0.913450,0.881300
446,0.909400,0.873700
447,0.913383,0.878600
448,0.913800,0.876900
449,0.913500,0.882000
450,0.914617,0.880100
451,0.910183,0.877300
452,0.910517,0.872500
453,0.917150,0.883700
454,0.915517,0.880700
455,0.918950,0.884200
456,0.914733,0.880900
457,0.918500,0.882600
458,0.916967,0.883300
459,0.917250,0.883500
460,0.914067,0.879800
461,0.909167,0.877400
462,0.919933,0.883500
463,0.917150,0.880700
464,0.914750,0.883000
465,0.918000,0.882600
466,0.915817,0.883400
467,0.914883,0.881200
468,0.913417,0.877300
469,0.918150,0.881700
470,0.911883,0.881500
471,0.910233,0.877600
472,0.910700,0.878300
473,0.913517,0.876300
474,0.916967,0.884700
475,0.915500,0.880800
476,0.909050,0.877000
477,0.914917,0.881300
478,0.909850,0.880500
479,0.914383,0.878500
480,0.916400,0.883800
481,0.916867,0.883400
482,0.917733,0.886400
483,0.916850,0.881300
484,0.910817,0.878600
485,0.913200,0.878900
486,0.918833,0.883900
487,0.918550,0.883400
488,0.920033,0.885700
489,0.914233,0.879900
490,0.912817,0.877500
491,0.918483,0.881100
492,0.918000,0.883400
493,0.919350,0.883600
494,0.916367,0.883300
495,0.920183,0.882400
496,0.917183,0.884100
497,0.914783,0.882900
498,0.913817,0.879000
499,0.918900,0.887600
500,0.915800,0.883000
501,0.917650,0.885300
502,0.911217,0.876700
503,0.917783,0.884100
504,0.917567,0.886500
505,0.917250,0.884400
506,0.916733,0.880500
507,0.922250,0.887900
508,0.917117,0.884500
509,0.920300,0.888100
510,0.917683,0.884100
511,0.916000,0.884900
512,0.918583,0.885500
513,0.911267,0.879800
514,0.917517,0.883600
515,0.919933,0.883600
516,0.916817,0.881600
517,0.920383,0.883300
518,0.913650,0.876000
519,0.911033,0.876700
520,0.918700,0.885800
521,0.917300,0.883600
522,0.922633,0.888500
523,0.916450,0.882000
524,0.917583,0.883000
525,0.912067,0.879600
526,0.915633,0.881500
527,0.911067,0.879300
528,0.921717,0.882400
529,0.914250,0.874600
530,0.915000,0.879400
531,0.914200,0.881800
532,0.916667,0.882600
533,0.915633,0.882600
534,0.917833,0.886200
535,0.914900,0.883400
536,0.917683,0.883300
537,0.916517,0.884400
538,0.914083,0.882000
539,0.915483,0.882100
540,0.915967,0.883400
541,0.917100,0.883100
542,0.917400,0.884300
543,0.914717,0.878600
544,0.907217,0.874400
545,0.919350,0.886000
546,0.920317,0.881200
547,0.916967,0.881800
548,0.910100,0.875700
549,0.912883,0.882800
550,0.918617,0.882100
551,0.919817,0.884000
552,0.913583,0.878100
553,0.913483,0.880100
554,0.908333,0.874900
555,0.919767,0.887900
556,0.911850,0.877000
557,0.913033,0.876600
558,0.910467,0.877300
559,0.921550,0.886300
560,0.913133,0.878900
561,0.918600,0.883000
562,0.913933,0.878100
563,0.921600,0.887200
564,0.919233,0.884500
565,0.906317,0.873700
566,0.913600,0.884100
567,0.920433,0.885500
568,0.912417,0.876700
569,0.915750,0.881100
570,0.913717,0.881000
571,0.917617,0.879000
572,0.920367,0.886200
573,0.911633,0.880000
574,0.915517,0.885400
575,0.917917,0.884000
576,0.917867,0.881300
577,0.911900,0.879200
578,0.918183,0.881600
579,0.918767,0.884900
580,0.906833,0.870800
581,0.907717,0.874800
582,0.916750,0.881300
583,0.908850,0.874800
584,0.922033,0.888900
585,0.917267,0.884100
586,0.911183,0.877900
587,0.917067,0.879500
588,0.906233,0.872600
589,0.916567,0.885300
590,0.915700,0.878800
591,0.919250,0.887400
592,0.916033,0.881900
593,0.912300,0.876600
594,0.917800,0.887800
595,0.919667,0.885100
596,0.917850,0.885300
597,0.921433,0.885800
598,0.912500,0.877500
599,0.913100,0.878000
600,0.917817,0.879300
601,0.918183,0.886400
602,0.916900,0.885400
603,0.909333,0.870900
604,0.915317,0.881900
605,0.912150,0.875300
606,0.917133,0.881500
607,0.913217,0.881100
608,0.923233,0.886000
609,0.918600,0.886700
610,0.912183,0.877700
611,0.918433,0.885400
612,0.920217,0.888700
613,0.912133,0.879700
614,0.903983,0.873500
615,0.913217,0.879400
616,0.916917,0.885100
617,0.915250,0.879000
618,0.910633,0.880600
619,0.919683,0.883900
620,0.910117,0.879300
621,0.919867,0.885200
622,0.912783,0.875100
623,0.913233,0.880900
624,0.909550,0.874500
625,0.917567,0.884500
626,0.916850,0.881400
627,0.914467,0.881800
628,0.916867,0.883600
629,0.920433,0.888200
630,0.915300,0.882600
631,0.910917,0.875300
632,0.921483,0.888600
633,0.917917,0.882500
634,0.915550,0.878800
635,0.920150,0.884400
636,0.921500,0.885400
637,0.918650,0.883300
638,0.919517,0.887500
639,0.921067,0.887500
640,0.917167,0.884200
641,0.912367,0.879500
642,0.917283,0.879800
643,0.917217,0.880300
644,0.919383,0.883900
645,0.920933,0.890300
646,0.920283,0.886500
647,0.918650,0.880400
648,0.916017,0.882500
649,0.913267,0.880000
650,0.911917,0.877300
651,0.919350,0.883800
652,0.915600,0.881300
653,0.918133,0.886100
654,0.915917,0.883100
655,0.917333,0.879500
656,0.914600,0.880300
657,0.919733,0.880400
658,0.919733,0.885600
659,0.915767,0.882400
660,0.920600,0.885400
661,0.908933,0.878500
662,0.913367,0.877300
663,0.912300,0.879100
664,0.918667,0.883700
665,0.901067,0.867600
666,0.916117,0.883500
667,0.917000,0.882000
668,0.918033,0.882100
669,0.919383,0.884500
670,0.920400,0.884200
671,0.915667,0.880700
672,0.915033,0.878100
673,0.917600,0.885800
674,0.907050,0.872100
675,0.917883,0.884200
676,0.911200,0.877000
677,0.915433,0.879600
678,0.916433,0.882500
679,0.915900,0.880300
680,0.917783,0.880200
681,0.923033,0.885600
682,0.911650,0.879400
683,0.910400,0.877700
684,0.916367,0.878800
685,0.913067,0.879300
686,0.919867,0.884600
687,0.917833,0.884200
688,0.915617,0.879000
689,0.906700,0.872100
690,0.914500,0.880200
691,0.915850,0.880100
692,0.909317,0.875200
693,0.921317,0.887100
694,0.913317,0.881500
695,0.922483,0.885500
696,0.919717,0.880900
697,0.921067,0.885800
698,0.916667,0.881400
699,0.918400,0.883200
700,0.920667,0.885200
701,0.922483,0.887600
702,0.909400,0.879200
703,0.909850,0.876000
704,0.911783,0.879700
705,0.920667,0.887300
706,0.906050,0.870600
707,0.919650,0.884200
708,0.915783,0.880000
709,0.917983,0.884200
710,0.918167,0.880500
711,0.921500,0.883400
712,0.918167,0.883500
713,0.914933,0.880500
714,0.916517,0.879000
715,0.917800,0.881700
716,0.905883,0.873800
717,0.916267,0.882000
718,0.911900,0.878000
719,0.922867,0.888000
720,0.918833,0.885700
721,0.911000,0.873000
722,0.911583,0.882200
723,0.917650,0.879900
724,0.917850,0.882400
725,0.911850,0.875800
726,0.921300,0.887800
727,0.920417,0.882800
728,0.919117,0.885800
729,0.917067,0.881700
730,0.911733,0.879600
731,0.919483,0.887400
732,0.922983,0.886300
733,0.911033,0.877500
734,0.914017,0.878600
735,0.916217,0.878800
736,0.920100,0.888000
737,0.906017,0.873100
738,0.905283,0.876100
739,0.918783,0.883000
740,0.919617,0.884400
741,0.919317,0.881700
742,0.916567,0.884500
743,0.916750,0.878800
744,0.911067,0.878600
745,0.912067,0.872200
746,0.917500,0.882900
747,0.920417,0.883500
748,0.904100,0.870600
749,0.921250,0.885500
750,0.917533,0.883100
751,0.920167,0.884000
752,0.922333,0.887500
753,0.919883,0.883700
754,0.912800,0.877400
755,0.916783,0.884500
756,0.920033,0.884200
757,0.918667,0.880000
758,0.916800,0.883800
759,0.921333,0.884700
760,0.913200,0.879400
761,0.913350,0.880400
762,0.920283,0.885000
763,0.911883,0.875900
764,0.916217,0.884700
765,0.914933,0.877700
766,0.921600,0.888700
767,0.920517,0.885900
768,0.919833,0.883700
769,0.919250,0.878700
770,0.918183,0.885300
771,0.915967,0.885100
772,0.916550,0.881700
773,0.917783,0.882400
774,0.914000,0.880000
775,0.910533,0.879000
776,0.919033,0.884500
777,0.921217,0.886500
778,0.903517,0.865800
779,0.915550,0.879700
780,0.912867,0.877100
781,0.910883,0.880600
782,0.917700,0.887500
783,0.921800,0.885600
784,0.919183,0.885600
785,0.919733,0.885300
786,0.921133,0.886800
787,0.915550,0.882300
788,0.916683,0.884500
789,0.917250,0.884600
790,0.919550,0.883900
791,0.920383,0.884500
792,0.921083,0.886400
793,0.915833,0.882500
794,0.918233,0.884200
795,0.918883,0.885800
796,0.919250,0.884300
797,0.914467,0.878600
798,0.922450,0.887800
799,0.920000,0.885400
800,0.915483,0.883900
801,0.916150,0.883100
802,0.914083,0.880400
803,0.915850,0.881600
804,0.917883,0.879300
805,0.919800,0.885100
806,0.920633,0.888500
807,0.916633,0.883800
808,0.914533,0.879300
809,0.916517,0.880700
810,0.909850,0.875700
811,0.918833,0.884500
812,0.916833,0.884200
813,0.917217,0.884200
814,0.916983,0.882000
815,0.915400,0.880800
816,0.912617,0.878400
817,0.913267,0.879700
818,0.915950,0.885400
819,0.912033,0.877800
820,0.916983,0.882300
821,0.916017,0.881500
822,0.915133,0.882200
823,0.919650,0.884300
824,0.913550,0.871100
825,0.912683,0.878300
826,0.915967,0.881100
827,0.916217,0.882600
828,0.916717,0.880100
829,0.914083,0.881700
830,0.908517,0.875900
831,0.916933,0.885400
832,0.915850,0.880900
833,0.917583,0.882300
834,0.913117,0.879000
835,0.917317,0.879700
836,0.906683,0.873500
837,0.914667,0.887500
838,0.919900,0.883700
839,0.915300,0.879900
840,0.917833,0.882300
841,0.907650,0.873400
842,0.916667,0.883300
843,0.920167,0.886200
844,0.923250,0.887600
845,0.917767,0.880900
846,0.916283,0.884800
847,0.906100,0.872000
848,0.920450,0.885700
849,0.916067,0.878900
850,0.912083,0.877400
851,0.916667,0.880100
852,0.916433,0.884000
853,0.914367,0.882700
854,0.917350,0.883800
855,0.917417,0.886200
856,0.912317,0.876300
857,0.916650,0.882900
858,0.894667,0.863100
859,0.917767,0.883000
860,0.917267,0.878400
861,0.912550,0.880700
862,0.916050,0.882000
863,0.912333,0.879700
864,0.908883,0.875800
865,0.919283,0.883300
866,0.917067,0.884300
867,0.913567,0.881100
868,0.919650,0.879700
869,0.921200,0.887100
870,0.913300,0.878700
871,0.915000,0.881300
872,0.911750,0.880700
873,0.916300,0.884400
874,0.917383,0.884800
875,0.914983,0.879800
876,0.914200,0.881100
877,0.914700,0.881000
878,0.919067,0.879800
879,0.917700,0.882600
880,0.920583,0.888500
881,0.910550,0.878300
882,0.911250,0.879400
883,0.916700,0.882400
884,0.920550,0.890100
885,0.919517,0.883000
886,0.919417,0.884400
887,0.912650,0.880500
888,0.917450,0.884600
889,0.914667,0.879400
890,0.918000,0.884800
891,0.920083,0.888100
892,0.917000,0.882100
893,0.919333,0.885400
894,0.916933,0.881800
895,0.913950,0.877100
896,0.921750,0.885100
897,0.915667,0.879100
898,0.913050,0.878200
899,0.920333,0.883900
900,0.918917,0.885800
901,0.913317,0.877100
902,0.917133,0.877900
903,0.907233,0.872500
904,0.909067,0.879100
905,0.915017,0.883700
906,0.905783,0.869700
907,0.917033,0.882200
908,0.915883,0.883100
909,0.920550,0.884700
910,0.917200,0.883700
911,0.913383,0.876600
912,0.907900,0.878200
913,0.920183,0.884300
914,0.920650,0.888400
915,0.914333,0.876000
916,0.912100,0.880800
917,0.914250,0.880900
918,0.914133,0.875500
919,0.915133,0.880400
920,0.903133,0.867000
921,0.915167,0.880200
922,0.915483,0.882400
923,0.916983,0.877800
924,0.920267,0.886100
925,0.912117,0.880900
926,0.918700,0.882100
927,0.913267,0.877400
928,0.922017,0.886600
929,0.917317,0.881600
930,0.901067,0.866500
931,0.917450,0.885000
932,0.907600,0.869800
933,0.920017,0.883100
934,0.909433,0.876400
935,0.918683,0.885200
936,0.915283,0.880600
937,0.916900,0.882400
938,0.918833,0.886400
939,0.912433,0.878200
940,0.919367,0.886500
941,0.906183,0.873000
942,0.916967,0.882300
943,0.917967,0.882400
944,0.914633,0.876600
945,0.916367,0.883600
946,0.918600,0.884500
947,0.917233,0.883700
948,0.914317,0.881000
949,0.918117,0.878400
950,0.920050,0.882400
951,0.911050,0.874700
952,0.913400,0.877100
953,0.918583,0.885000
954,0.918867,0.885100
955,0.915150,0.879600
956,0.920717,0.884600
957,0.915283,0.879500
958,0.913483,0.881300
959,0.910467,0.873900
960,0.915267,0.885900
961,0.921483,0.885200
962,0.917317,0.882700
963,0.918133,0.883200
964,0.922183,0.884800
965,0.922283,0.889100
966,0.920533,0.886400
967,0.913517,0.883300
968,0.919517,0.885800
969,0.921467,0.886000
970,0.913783,0.879400
971,0.921583,0.886700
972,0.920617,0.884200
973,0.920350,0.884200
974,0.916717,0.882800
975,0.921000,0.884900
976,0.912233,0.879600
977,0.920050,0.881100
978,0.914150,0.882400
979,0.915133,0.879300
980,0.912933,0.879200
981,0.916633,0.882600
982,0.918117,0.884000
983,0.921617,0.883200
984,0.914950,0.883200
985,0.919467,0.885800
986,0.916650,0.882900
987,0.915333,0.881200
988,0.920367,0.888600
989,0.918883,0.882400
990,0.912783,0.877900
991,0.910933,0.879400
992,0.914367,0.881200
993,0.915333,0.876300
994,0.914583,0.881800
995,0.915200,0.880500
996,0.918867,0.884300
997,0.918133,0.884500
998,0.917467,0.883700
999,0.921633,0.889100
1000,0.920017,0.882500
